<?xml version="1.0" encoding="UTF-8"?>
<coverage generated="1727644845162" clover="3.2.0">
  <project timestamp="1727644845162" name="All files">
    <metrics statements="39" coveredstatements="38" conditionals="16" coveredconditionals="16" methods="10" coveredmethods="9" elements="65" coveredelements="63" complexity="0" loc="39" ncloc="39" packages="1" files="4" classes="4"/>
    <file name="form_validator.js" path="/Users/biche/Downloads/app-test 3/app/form_validator.js">
      <metrics statements="4" coveredstatements="4" conditionals="4" coveredconditionals="4" methods="3" coveredmethods="3"/>
      <line num="3" count="9" type="stmt"/>
      <line num="4" count="9" type="stmt"/>
      <line num="8" count="6" type="cond" truecount="2" falsecount="0"/>
      <line num="12" count="5" type="cond" truecount="2" falsecount="0"/>
    </file>
    <file name="photo_model.js" path="/Users/biche/Downloads/app-test 3/app/photo_model.js">
      <metrics statements="8" coveredstatements="8" conditionals="0" coveredconditionals="0" methods="3" coveredmethods="3"/>
      <line num="5" count="3" type="stmt"/>
      <line num="7" count="3" type="stmt"/>
      <line num="8" count="3" type="stmt"/>
      <line num="10" count="3" type="stmt"/>
      <line num="11" count="3" type="stmt"/>
      <line num="12" count="60" type="stmt"/>
      <line num="13" count="60" type="stmt"/>
      <line num="16" count="3" type="stmt"/>
    </file>
    <file name="route.js" path="/Users/biche/Downloads/app-test 3/app/route.js">
      <metrics statements="14" coveredstatements="13" conditionals="10" coveredconditionals="10" methods="4" coveredmethods="3"/>
      <line num="5" count="1" type="stmt"/>
      <line num="6" count="3" type="stmt"/>
      <line num="7" count="3" type="stmt"/>
      <line num="9" count="3" type="stmt"/>
      <line num="18" count="3" type="cond" truecount="4" falsecount="0"/>
      <line num="19" count="1" type="stmt"/>
      <line num="23" count="2" type="cond" truecount="2" falsecount="0"/>
      <line num="24" count="1" type="stmt"/>
      <line num="25" count="1" type="stmt"/>
      <line num="29" count="1" type="stmt"/>
      <line num="32" count="1" type="stmt"/>
      <line num="33" count="1" type="stmt"/>
      <line num="34" count="1" type="stmt"/>
      <line num="37" count="0" type="stmt"/>
    </file>
    <file name="server.js" path="/Users/biche/Downloads/app-test 3/app/server.js">
      <metrics statements="13" coveredstatements="13" conditionals="2" coveredconditionals="2" methods="0" coveredmethods="0"/>
      <line num="7" count="1" type="stmt"/>
      <line num="8" count="1" type="stmt"/>
      <line num="9" count="1" type="stmt"/>
      <line num="12" count="1" type="stmt"/>
      <line num="13" count="1" type="stmt"/>
      <line num="14" count="1" type="stmt"/>
      <line num="17" count="1" type="stmt"/>
      <line num="18" count="1" type="stmt"/>
      <line num="19" count="1" type="stmt"/>
      <line num="23" count="1" type="stmt"/>
      <line num="26" count="1" type="cond" truecount="2" falsecount="0"/>
      <line num="27" count="1" type="stmt"/>
      <line num="28" count="1" type="stmt"/>
    </file>
  </project>
</coverage>
