{"/Users/biche/Downloads/app-test 3/app/form_validator.js": {"path":"/Users/biche/Downloads/app-test 3/app/form_validator.js","statementMap":{"0":{"start":{"line":3,"column":34},"end":{"line":3,"column":50}},"1":{"start":{"line":4,"column":2},"end":{"line":4,"column":45}},"2":{"start":{"line":8,"column":2},"end":{"line":8,"column":44}},"3":{"start":{"line":12,"column":2},"end":{"line":12,"column":68}}},"fnMap":{"0":{"name":"isValidCommaDelimitedList","decl":{"start":{"line":1,"column":9},"end":{"line":1,"column":34}},"loc":{"start":{"line":1,"column":42},"end":{"line":5,"column":1}},"line":1},"1":{"name":"isValidTagmode","decl":{"start":{"line":7,"column":9},"end":{"line":7,"column":23}},"loc":{"start":{"line":7,"column":31},"end":{"line":9,"column":1}},"line":7},"2":{"name":"hasValidFlickrAPIParams","decl":{"start":{"line":11,"column":9},"end":{"line":11,"column":32}},"loc":{"start":{"line":11,"column":48},"end":{"line":13,"column":1}},"line":11}},"branchMap":{"0":{"loc":{"start":{"line":8,"column":9},"end":{"line":8,"column":43}},"type":"binary-expr","locations":[{"start":{"line":8,"column":9},"end":{"line":8,"column":24}},{"start":{"line":8,"column":28},"end":{"line":8,"column":43}}],"line":8},"1":{"loc":{"start":{"line":12,"column":9},"end":{"line":12,"column":67}},"type":"binary-expr","locations":[{"start":{"line":12,"column":9},"end":{"line":12,"column":40}},{"start":{"line":12,"column":44},"end":{"line":12,"column":67}}],"line":12}},"s":{"0":9,"1":9,"2":6,"3":5},"f":{"0":9,"1":6,"2":5},"b":{"0":[6,3],"1":[5,3]},"_coverageSchema":"1a1c01bbd47fc00a2c39e90264f33305004495a9","hash":"546b994879b3d4fa9372d880188663856ab4bee1"}
,"/Users/biche/Downloads/app-test 3/app/photo_model.js": {"path":"/Users/biche/Downloads/app-test 3/app/photo_model.js","statementMap":{"0":{"start":{"line":5,"column":13},"end":{"line":5,"column":69}},"1":{"start":{"line":7,"column":19},"end":{"line":7,"column":113}},"2":{"start":{"line":8,"column":15},"end":{"line":8,"column":36}},"3":{"start":{"line":10,"column":2},"end":{"line":17,"column":5}},"4":{"start":{"line":11,"column":4},"end":{"line":14,"column":7}},"5":{"start":{"line":12,"column":6},"end":{"line":12,"column":64}},"6":{"start":{"line":13,"column":6},"end":{"line":13,"column":64}},"7":{"start":{"line":16,"column":4},"end":{"line":16,"column":27}}},"fnMap":{"0":{"name":"getFlickrPhotos","decl":{"start":{"line":4,"column":15},"end":{"line":4,"column":30}},"loc":{"start":{"line":4,"column":46},"end":{"line":18,"column":1}},"line":4},"1":{"name":"(anonymous_1)","decl":{"start":{"line":10,"column":36},"end":{"line":10,"column":37}},"loc":{"start":{"line":10,"column":49},"end":{"line":17,"column":3}},"line":10},"2":{"name":"(anonymous_2)","decl":{"start":{"line":11,"column":28},"end":{"line":11,"column":29}},"loc":{"start":{"line":11,"column":37},"end":{"line":14,"column":5}},"line":11}},"branchMap":{},"s":{"0":3,"1":3,"2":3,"3":3,"4":3,"5":60,"6":60,"7":3},"f":{"0":3,"1":3,"2":60},"b":{},"_coverageSchema":"1a1c01bbd47fc00a2c39e90264f33305004495a9","hash":"98d65b216cba91667f1b6b286e372ecd6c555222"}
,"/Users/biche/Downloads/app-test 3/app/route.js": {"path":"/Users/biche/Downloads/app-test 3/app/route.js","statementMap":{"0":{"start":{"line":5,"column":2},"end":{"line":39,"column":5}},"1":{"start":{"line":6,"column":17},"end":{"line":6,"column":31}},"2":{"start":{"line":7,"column":20},"end":{"line":7,"column":37}},"3":{"start":{"line":9,"column":30},"end":{"line":15,"column":5}},"4":{"start":{"line":18,"column":4},"end":{"line":20,"column":5}},"5":{"start":{"line":19,"column":6},"end":{"line":19,"column":52}},"6":{"start":{"line":23,"column":4},"end":{"line":26,"column":5}},"7":{"start":{"line":24,"column":6},"end":{"line":24,"column":49}},"8":{"start":{"line":25,"column":6},"end":{"line":25,"column":52}},"9":{"start":{"line":29,"column":4},"end":{"line":38,"column":9}},"10":{"start":{"line":32,"column":8},"end":{"line":32,"column":42}},"11":{"start":{"line":33,"column":8},"end":{"line":33,"column":47}},"12":{"start":{"line":34,"column":8},"end":{"line":34,"column":54}},"13":{"start":{"line":37,"column":8},"end":{"line":37,"column":47}}},"fnMap":{"0":{"name":"route","decl":{"start":{"line":4,"column":9},"end":{"line":4,"column":14}},"loc":{"start":{"line":4,"column":20},"end":{"line":40,"column":1}},"line":4},"1":{"name":"(anonymous_1)","decl":{"start":{"line":5,"column":15},"end":{"line":5,"column":16}},"loc":{"start":{"line":5,"column":29},"end":{"line":39,"column":3}},"line":5},"2":{"name":"(anonymous_2)","decl":{"start":{"line":31,"column":12},"end":{"line":31,"column":13}},"loc":{"start":{"line":31,"column":22},"end":{"line":35,"column":7}},"line":31},"3":{"name":"(anonymous_3)","decl":{"start":{"line":36,"column":13},"end":{"line":36,"column":14}},"loc":{"start":{"line":36,"column":22},"end":{"line":38,"column":7}},"line":36}},"branchMap":{"0":{"loc":{"start":{"line":10,"column":21},"end":{"line":10,"column":31}},"type":"binary-expr","locations":[{"start":{"line":10,"column":21},"end":{"line":10,"column":25}},{"start":{"line":10,"column":29},"end":{"line":10,"column":31}}],"line":10},"1":{"loc":{"start":{"line":11,"column":24},"end":{"line":11,"column":37}},"type":"binary-expr","locations":[{"start":{"line":11,"column":24},"end":{"line":11,"column":31}},{"start":{"line":11,"column":35},"end":{"line":11,"column":37}}],"line":11},"2":{"loc":{"start":{"line":18,"column":4},"end":{"line":20,"column":5}},"type":"if","locations":[{"start":{"line":18,"column":4},"end":{"line":20,"column":5}},{"start":{},"end":{}}],"line":18},"3":{"loc":{"start":{"line":18,"column":8},"end":{"line":18,"column":25}},"type":"binary-expr","locations":[{"start":{"line":18,"column":8},"end":{"line":18,"column":13}},{"start":{"line":18,"column":17},"end":{"line":18,"column":25}}],"line":18},"4":{"loc":{"start":{"line":23,"column":4},"end":{"line":26,"column":5}},"type":"if","locations":[{"start":{"line":23,"column":4},"end":{"line":26,"column":5}},{"start":{},"end":{}}],"line":23}},"s":{"0":1,"1":3,"2":3,"3":3,"4":3,"5":1,"6":2,"7":1,"8":1,"9":1,"10":1,"11":1,"12":1,"13":0},"f":{"0":1,"1":3,"2":1,"3":0},"b":{"0":[3,1],"1":[3,1],"2":[1,2],"3":[3,1],"4":[1,1]},"_coverageSchema":"1a1c01bbd47fc00a2c39e90264f33305004495a9","hash":"e895a07af757471c70fe207c9bc945f8127180c0"}
,"/Users/biche/Downloads/app-test 3/app/server.js": {"path":"/Users/biche/Downloads/app-test 3/app/server.js","statementMap":{"0":{"start":{"line":7,"column":12},"end":{"line":7,"column":21}},"1":{"start":{"line":8,"column":19},"end":{"line":8,"column":49}},"2":{"start":{"line":9,"column":18},"end":{"line":9,"column":42}},"3":{"start":{"line":12,"column":0},"end":{"line":12,"column":56}},"4":{"start":{"line":13,"column":0},"end":{"line":13,"column":71}},"5":{"start":{"line":14,"column":0},"end":{"line":14,"column":77}},"6":{"start":{"line":17,"column":0},"end":{"line":17,"column":35}},"7":{"start":{"line":18,"column":0},"end":{"line":18,"column":48}},"8":{"start":{"line":19,"column":0},"end":{"line":19,"column":31}},"9":{"start":{"line":23,"column":0},"end":{"line":23,"column":18}},"10":{"start":{"line":26,"column":13},"end":{"line":26,"column":37}},"11":{"start":{"line":27,"column":0},"end":{"line":27,"column":30}},"12":{"start":{"line":28,"column":0},"end":{"line":28,"column":41}}},"fnMap":{},"branchMap":{"0":{"loc":{"start":{"line":26,"column":13},"end":{"line":26,"column":37}},"type":"binary-expr","locations":[{"start":{"line":26,"column":13},"end":{"line":26,"column":29}},{"start":{"line":26,"column":33},"end":{"line":26,"column":37}}],"line":26}},"s":{"0":1,"1":1,"2":1,"3":1,"4":1,"5":1,"6":1,"7":1,"8":1,"9":1,"10":1,"11":1,"12":1},"f":{},"b":{"0":[1,1]},"_coverageSchema":"1a1c01bbd47fc00a2c39e90264f33305004495a9","hash":"e7f3ae1505d5a5651a134aec93ae3b85e7a899cc"}
}
